<?xml version="1.0" encoding="UTF-8"?><testsuite errors="0" failures="0" name="io.swagger.petstore.testsuits.PetCRUDTest" skipped="0" tests="4" time="6.04" timestamp="2023-01-03T21:09:52.938Z[Europe/London]"><testcase classname="io.swagger.petstore.testsuits.PetCRUDTest" name="Create new pet"/><testcase classname="io.swagger.petstore.testsuits.PetCRUDTest" name="Get Pet Detail"/><testcase classname="io.swagger.petstore.testsuits.PetCRUDTest" name="Update pet Data"/><testcase classname="io.swagger.petstore.testsuits.PetCRUDTest" name="Delete Pet by id"/></testsuite>