<?xml version="1.0" encoding="UTF-8"?><testsuite errors="0" failures="0" name="io.swagger.petstore.testsuits.UserCRUDTest" skipped="0" tests="4" time="2.68" timestamp="2023-01-03T21:10:00.002Z[Europe/London]"><testcase classname="io.swagger.petstore.testsuits.UserCRUDTest" name="Creating new User"/><testcase classname="io.swagger.petstore.testsuits.UserCRUDTest" name="Getting user by firstname"/><testcase classname="io.swagger.petstore.testsuits.UserCRUDTest" name="update user and verify"/><testcase classname="io.swagger.petstore.testsuits.UserCRUDTest" name="Delete user"/></testsuite>